0 info it worked if it ends with ok
1 verbose cli [ '/usr/local/bin/node', '/usr/local/bin/npm', 'run', 'coverage' ]
2 info using npm@3.3.12
3 info using node@v5.5.0
4 verbose run-script [ 'precoverage', 'coverage', 'postcoverage' ]
5 info lifecycle jtc@0.1.3~precoverage: jtc@0.1.3
6 silly lifecycle jtc@0.1.3~precoverage: no script for precoverage, continuing
7 info lifecycle jtc@0.1.3~coverage: jtc@0.1.3
8 verbose lifecycle jtc@0.1.3~coverage: unsafe-perm in lifecycle true
9 verbose lifecycle jtc@0.1.3~coverage: PATH: /usr/local/lib/node_modules/npm/bin/node-gyp-bin:/Users/Fromrome/Desktop/jtc-rep/jtc2/jtc/node_modules/.bin:/usr/local/heroku/bin:/Users/Fromrome/.rvm/gems/ruby-2.1.2/bin:/Users/Fromrome/.rvm/gems/ruby-2.1.2@global/bin:/Users/Fromrome/.rvm/rubies/ruby-2.1.2/bin:/usr/bin:/bin:/usr/sbin:/sbin:/usr/local/bin:/opt/X11/bin:/Users/Fromrome/.rvm/bin:/Users/Fromrome/bin:/Users/Fromrome/Documents/STUFF/ANDROID-TOOLS/adt-bundle-mac-x86_64-20131030/sdk/platform-tools:/Users/Fromrome/Documents/STUFF/ANDROID-TOOLS/adt-bundle-mac-x86_64-20131030/sdk/tools
10 verbose lifecycle jtc@0.1.3~coverage: CWD: /Users/Fromrome/Desktop/jtc-rep/jtc2/jtc
11 silly lifecycle jtc@0.1.3~coverage: Args: [ '-c',
11 silly lifecycle   'babel-node ./node_modules/.bin/isparta cover ./node_modules/.bin/_mocha && codeclimate-test-reporter < ./coverage/lcov.info' ]
12 silly lifecycle jtc@0.1.3~coverage: Returned: code: 1  signal: null
13 info lifecycle jtc@0.1.3~coverage: Failed to exec coverage script
14 verbose stack Error: jtc@0.1.3 coverage: `babel-node ./node_modules/.bin/isparta cover ./node_modules/.bin/_mocha && codeclimate-test-reporter < ./coverage/lcov.info`
14 verbose stack Exit status 1
14 verbose stack     at EventEmitter.<anonymous> (/usr/local/lib/node_modules/npm/lib/utils/lifecycle.js:232:16)
14 verbose stack     at emitTwo (events.js:100:13)
14 verbose stack     at EventEmitter.emit (events.js:185:7)
14 verbose stack     at ChildProcess.<anonymous> (/usr/local/lib/node_modules/npm/lib/utils/spawn.js:24:14)
14 verbose stack     at emitTwo (events.js:100:13)
14 verbose stack     at ChildProcess.emit (events.js:185:7)
14 verbose stack     at maybeClose (internal/child_process.js:821:16)
14 verbose stack     at Process.ChildProcess._handle.onexit (internal/child_process.js:211:5)
15 verbose pkgid jtc@0.1.3
16 verbose cwd /Users/Fromrome/Desktop/jtc-rep/jtc2/jtc
17 error Darwin 15.3.0
18 error argv "/usr/local/bin/node" "/usr/local/bin/npm" "run" "coverage"
19 error node v5.5.0
20 error npm  v3.3.12
21 error code ELIFECYCLE
22 error jtc@0.1.3 coverage: `babel-node ./node_modules/.bin/isparta cover ./node_modules/.bin/_mocha && codeclimate-test-reporter < ./coverage/lcov.info`
22 error Exit status 1
23 error Failed at the jtc@0.1.3 coverage script 'babel-node ./node_modules/.bin/isparta cover ./node_modules/.bin/_mocha && codeclimate-test-reporter < ./coverage/lcov.info'.
23 error Make sure you have the latest version of node.js and npm installed.
23 error If you do, this is most likely a problem with the jtc package,
23 error not with npm itself.
23 error Tell the author that this fails on your system:
23 error     babel-node ./node_modules/.bin/isparta cover ./node_modules/.bin/_mocha && codeclimate-test-reporter < ./coverage/lcov.info
23 error You can get their info via:
23 error     npm owner ls jtc
23 error There is likely additional logging output above.
24 verbose exit [ 1, true ]
